<?xml version="1.0" encoding="UTF-8"?>
<testsuite name="Dimensions mobile automation" tests="1" skipped="1" failures="0" errors="0" timestamp="2021-02-24T03:31:16" hostname="CHMEPPF1WZ57L" time="0.049">
  <properties/>
  <testcase name="verify conversion of dimensions length, area and volume" classname="Dimensions mobile automation" time="0.049">
    <skipped/>
  </testcase>
  <system-out><![CDATA[]]></system-out>
  <system-err><![CDATA[[Test worker] INFO net.thucydides.core.steps.ConsoleLoggingListener - TEST PENDING
[Test worker] INFO net.thucydides.core.steps.ConsoleLoggingListener - 
          __  _____ _____ ____ _____   ____  _____ _   _ ____ ___ _   _  ____ 
 _       / / |_   _| ____/ ___|_   _| |  _ \| ____| \ | |  _ \_ _| \ | |/ ___|
(_)____ / /    | | |  _| \___ \ | |   | |_) |  _| |  \| | | | | ||  \| | |  _ 
 |_____/ /     | | | |___ ___) || |   |  __/| |___| |\  | |_| | || |\  | |_| |
(_)   /_/      |_| |_____|____/ |_|   |_|   |_____|_| \_|____/___|_| \_|\____|
                                                                                

TEST PENDING: verify conversion of dimensions length, area and volume
---------------------------------------------------------------------------------
]]></system-err>
</testsuite>
